<?xml version="1.0" encoding="utf-8" standalone="no"?>
<!--This file represents the results of running a test suite-->
<test-results name="C:\Users\clementspc\Downloads\TimeTracker\TimeTracker\TimeTracker.Tests\bin\Debug\TimeTracker.Tests.dll" total="36" errors="0" failures="0" not-run="0" inconclusive="0" ignored="0" skipped="0" invalid="0" date="2010-06-30" time="19:41:39">
  <environment nunit-version="2.5.5.10112" clr-version="2.0.50727.3603" os-version="Microsoft Windows NT 6.0.6000.0" platform="Win32NT" cwd="C:\Users\clementspc\Downloads\TimeTracker\TimeTracker\thirdparty\tools\nunit" machine-name="CLEMENTSPC-PC" user="clementspc" user-domain="clementspc-PC" />
  <culture-info current-culture="en-US" current-uiculture="en-US" />
  <test-suite type="Assembly" name="C:\Users\clementspc\Downloads\TimeTracker\TimeTracker\TimeTracker.Tests\bin\Debug\TimeTracker.Tests.dll" executed="True" result="Success" success="True" time="1.281" asserts="0">
    <results>
      <test-suite type="Namespace" name="TimeTracker" executed="True" result="Success" success="True" time="1.281" asserts="0">
        <results>
          <test-suite type="Namespace" name="Tests" executed="True" result="Success" success="True" time="1.266" asserts="0">
            <results>
              <test-suite type="Namespace" name="ApplicationLayer" executed="True" result="Success" success="True" time="0.719" asserts="0">
                <results>
                  <test-suite type="TestFixture" name="When_Ctrl_Alt_T_is_pressed" executed="True" result="Success" success="True" time="0.672" asserts="0">
                    <results>
                      <test-case name="TimeTracker.Tests.ApplicationLayer.When_Ctrl_Alt_T_is_pressed.should_handle_key_down_event" executed="True" result="Success" success="True" time="0.594" asserts="1" />
                      <test-case name="TimeTracker.Tests.ApplicationLayer.When_Ctrl_Alt_T_is_pressed.should_show_time_tracker_view" executed="True" result="Success" success="True" time="0.016" asserts="0" />
                    </results>
                  </test-suite>
                  <test-suite type="TestFixture" name="When_exit_application_event_is_raised" executed="True" result="Success" success="True" time="0.031" asserts="0">
                    <results>
                      <test-case name="TimeTracker.Tests.ApplicationLayer.When_exit_application_event_is_raised.should_exit_application" executed="True" result="Success" success="True" time="0.016" asserts="0" />
                      <test-case name="TimeTracker.Tests.ApplicationLayer.When_exit_application_event_is_raised.should_unsubribe_key_downn_event" executed="True" result="Success" success="True" time="0.000" asserts="0" />
                      <test-case name="TimeTracker.Tests.ApplicationLayer.When_exit_application_event_is_raised.should_unsubscribe_exit_event" executed="True" result="Success" success="True" time="0.000" asserts="0" />
                    </results>
                  </test-suite>
                  <test-suite type="TestFixture" name="When_something_other_than_Ctrl_Alt_T_is_pressed" executed="True" result="Success" success="True" time="0.016" asserts="0">
                    <results>
                      <test-case name="TimeTracker.Tests.ApplicationLayer.When_something_other_than_Ctrl_Alt_T_is_pressed.should_not_handle_key_down_event" executed="True" result="Success" success="True" time="0.016" asserts="1" />
                    </results>
                  </test-suite>
                </results>
              </test-suite>
              <test-suite type="Namespace" name="DomainLayer" executed="True" result="Success" success="True" time="0.281" asserts="0">
                <results>
                  <test-suite type="TestFixture" name="When_activity_is_added_to_empty_recent_activities" executed="True" result="Success" success="True" time="0.156" asserts="0">
                    <results>
                      <test-case name="TimeTracker.Tests.DomainLayer.When_activity_is_added_to_empty_recent_activities.activity_added_should_be_first_activity" executed="True" result="Success" success="True" time="0.078" asserts="1" />
                      <test-case name="TimeTracker.Tests.DomainLayer.When_activity_is_added_to_empty_recent_activities.activity_added_should_be_last_activity" executed="True" result="Success" success="True" time="0.000" asserts="1" />
                      <test-case name="TimeTracker.Tests.DomainLayer.When_activity_is_added_to_empty_recent_activities.should_save_new_activity_to_file" executed="True" result="Success" success="True" time="0.063" asserts="0" />
                    </results>
                  </test-suite>
                  <test-suite type="TestFixture" name="When_activity_is_added_to_recent_activities_containing_one" executed="True" result="Success" success="True" time="0.016" asserts="0">
                    <results>
                      <test-case name="TimeTracker.Tests.DomainLayer.When_activity_is_added_to_recent_activities_containing_one.activity_added_should_be_first_activity" executed="True" result="Success" success="True" time="0.000" asserts="1" />
                      <test-case name="TimeTracker.Tests.DomainLayer.When_activity_is_added_to_recent_activities_containing_one.first_activity_added_should_be_last_activity" executed="True" result="Success" success="True" time="0.000" asserts="1" />
                      <test-case name="TimeTracker.Tests.DomainLayer.When_activity_is_added_to_recent_activities_containing_one.should_save_new_activities_to_file" executed="True" result="Success" success="True" time="0.000" asserts="0" />
                    </results>
                  </test-suite>
                  <test-suite type="TestFixture" name="When_activity_is_added_to_recent_activities_containing_ten_or_more" executed="True" result="Success" success="True" time="0.031" asserts="0">
                    <results>
                      <test-case name="TimeTracker.Tests.DomainLayer.When_activity_is_added_to_recent_activities_containing_ten_or_more.First_activity_added_should_be_last" executed="True" result="Success" success="True" time="0.000" asserts="1" />
                      <test-case name="TimeTracker.Tests.DomainLayer.When_activity_is_added_to_recent_activities_containing_ten_or_more.Last_activity_added_should_be_first" executed="True" result="Success" success="True" time="0.000" asserts="1" />
                      <test-case name="TimeTracker.Tests.DomainLayer.When_activity_is_added_to_recent_activities_containing_ten_or_more.should_save_ten_most_recent_activities_to_file" executed="True" result="Success" success="True" time="0.016" asserts="0" />
                    </results>
                  </test-suite>
                  <test-suite type="TestFixture" name="When_does_not_exist_and_timesheet_is_asked_for_last_task" executed="True" result="Success" success="True" time="0.016" asserts="0">
                    <results>
                      <test-case name="TimeTracker.Tests.DomainLayer.When_does_not_exist_and_timesheet_is_asked_for_last_task.should_return_empty_task" executed="True" result="Success" success="True" time="0.000" asserts="1" />
                    </results>
                  </test-suite>
                  <test-suite type="TestFixture" name="When_existing_activity_is_added_to_recent_activities" executed="True" result="Success" success="True" time="0.016" asserts="0">
                    <results>
                      <test-case name="TimeTracker.Tests.DomainLayer.When_existing_activity_is_added_to_recent_activities.existing_activity_should_become_first" executed="True" result="Success" success="True" time="0.000" asserts="2" />
                      <test-case name="TimeTracker.Tests.DomainLayer.When_existing_activity_is_added_to_recent_activities.should_contain_stingle_instance_of_existing_activity" executed="True" result="Success" success="True" time="0.016" asserts="2" />
                    </results>
                  </test-suite>
                  <test-suite type="TestFixture" name="When_get_last_task_is_called_and_file_contains_many_tasks" executed="True" result="Success" success="True" time="0.016" asserts="0">
                    <results>
                      <test-case name="TimeTracker.Tests.DomainLayer.When_get_last_task_is_called_and_file_contains_many_tasks.should_return_most_recent_task" executed="True" result="Success" success="True" time="0.016" asserts="1" />
                    </results>
                  </test-suite>
                  <test-suite type="TestFixture" name="When_get_last_task_is_called_and_file_contains_one_task" executed="True" result="Success" success="True" time="0.000" asserts="0">
                    <results>
                      <test-case name="TimeTracker.Tests.DomainLayer.When_get_last_task_is_called_and_file_contains_one_task.should_return_task_contained_in_file" executed="True" result="Success" success="True" time="0.000" asserts="1" />
                    </results>
                  </test-suite>
                  <test-suite type="TestFixture" name="When_timesheet_is_updated" executed="True" result="Success" success="True" time="0.000" asserts="0">
                    <results>
                      <test-case name="TimeTracker.Tests.DomainLayer.When_timesheet_is_updated.should_append_task_to_file" executed="True" result="Success" success="True" time="0.000" asserts="0" />
                    </results>
                  </test-suite>
                </results>
              </test-suite>
              <test-suite type="Namespace" name="PresentationLayer" executed="True" result="Success" success="True" time="0.266" asserts="0">
                <results>
                  <test-suite type="TestFixture" name="TimeEntryPresenterFixture" executed="True" result="Inconclusive" success="False" time="0.000" asserts="0" />
                  <test-suite type="TestFixture" name="When_disposed" executed="True" result="Success" success="True" time="0.047" asserts="0">
                    <results>
                      <test-case name="TimeTracker.Tests.PresentationLayer.When_disposed.should_dispose_notify_icon" executed="True" result="Success" success="True" time="0.031" asserts="0" />
                      <test-case name="TimeTracker.Tests.PresentationLayer.When_disposed.should_hide_notify_icon" executed="True" result="Success" success="True" time="0.000" asserts="0" />
                    </results>
                  </test-suite>
                  <test-suite type="TestFixture" name="When_exit_application_is_subscribed" executed="True" result="Success" success="True" time="0.000" asserts="0">
                    <results>
                      <test-case name="TimeTracker.Tests.PresentationLayer.When_exit_application_is_subscribed.should_subscribe_to_notify_icon_exit_application_event" executed="True" result="Success" success="True" time="0.000" asserts="0" />
                    </results>
                  </test-suite>
                  <test-suite type="TestFixture" name="When_exit_application_is_unsubscribed" executed="True" result="Success" success="True" time="0.016" asserts="0">
                    <results>
                      <test-case name="TimeTracker.Tests.PresentationLayer.When_exit_application_is_unsubscribed.should_unsubscribe_from_notify_icon_exit_application_event" executed="True" result="Success" success="True" time="0.000" asserts="0" />
                    </results>
                  </test-suite>
                  <test-suite type="TestFixture" name="When_time_changes_and_time_is_time_is_empty" executed="True" result="Success" success="True" time="0.125" asserts="0">
                    <results>
                      <test-case name="TimeTracker.Tests.PresentationLayer.When_time_changes_and_time_is_time_is_empty.should_set_time_text_to_empty_string" executed="True" result="Success" success="True" time="0.125" asserts="0" />
                    </results>
                  </test-suite>
                  <test-suite type="TestFixture" name="When_time_changes_and_valid_time_becomes_invalid" executed="True" result="Success" success="True" time="0.000" asserts="0">
                    <results>
                      <test-case name="TimeTracker.Tests.PresentationLayer.When_time_changes_and_valid_time_becomes_invalid.should_set_time_text_to_previously_valid_time" executed="True" result="Success" success="True" time="0.000" asserts="0" />
                    </results>
                  </test-suite>
                  <test-suite type="TestFixture" name="When_time_changes_to_a_valid_time" executed="True" result="Success" success="True" time="0.016" asserts="0">
                    <results>
                      <test-case name="TimeTracker.Tests.PresentationLayer.When_time_changes_to_a_valid_time.should_do_nothing" executed="True" result="Success" success="True" time="0.000" asserts="0" />
                    </results>
                  </test-suite>
                  <test-suite type="TestFixture" name="When_time_tracker_presenter_is_constructed" executed="True" result="Success" success="True" time="0.000" asserts="0">
                    <results>
                      <test-case name="TimeTracker.Tests.PresentationLayer.When_time_tracker_presenter_is_constructed.should_subscribe_to_views_key_down_event" executed="True" result="Success" success="True" time="0.000" asserts="0" />
                      <test-case name="TimeTracker.Tests.PresentationLayer.When_time_tracker_presenter_is_constructed.should_subscribe_to_views_time_text_changed_event" executed="True" result="Success" success="True" time="0.000" asserts="0" />
                    </results>
                  </test-suite>
                  <test-suite type="TestFixture" name="When_view_is_visible_and_escape_is_pressed" executed="True" result="Success" success="True" time="0.016" asserts="0">
                    <results>
                      <test-case name="TimeTracker.Tests.PresentationLayer.When_view_is_visible_and_escape_is_pressed.should_hide_view" executed="True" result="Success" success="True" time="0.016" asserts="0" />
                    </results>
                  </test-suite>
                  <test-suite type="TestFixture" name="When_view_is_visible_time_and_task_are_not_null_and_enter_is_pressed" executed="True" result="Success" success="True" time="0.031" asserts="0">
                    <results>
                      <test-case name="TimeTracker.Tests.PresentationLayer.When_view_is_visible_time_and_task_are_not_null_and_enter_is_pressed.should_set_view_recent_activities" executed="True" result="Success" success="True" time="0.000" asserts="0" />
                      <test-case name="TimeTracker.Tests.PresentationLayer.When_view_is_visible_time_and_task_are_not_null_and_enter_is_pressed.should_update_recent_activities" executed="True" result="Success" success="True" time="0.000" asserts="0" />
                      <test-case name="TimeTracker.Tests.PresentationLayer.When_view_is_visible_time_and_task_are_not_null_and_enter_is_pressed.should_update_timesheet" executed="True" result="Success" success="True" time="0.016" asserts="0" />
                    </results>
                  </test-suite>
                  <test-suite type="TestFixture" name="When_view_is_visible_time_is_empty_and_enter_is_pressed" executed="True" result="Success" success="True" time="0.000" asserts="0">
                    <results>
                      <test-case name="TimeTracker.Tests.PresentationLayer.When_view_is_visible_time_is_empty_and_enter_is_pressed.should_set_focus_to_time" executed="True" result="Success" success="True" time="0.000" asserts="0" />
                    </results>
                  </test-suite>
                  <test-suite type="TestFixture" name="When_view_is_visible_time_is_not_empty_task_is_empty_and_enter_is_pressed" executed="True" result="Success" success="True" time="0.000" asserts="0">
                    <results>
                      <test-case name="TimeTracker.Tests.PresentationLayer.When_view_is_visible_time_is_not_empty_task_is_empty_and_enter_is_pressed.should_set_focus_to_task" executed="True" result="Success" success="True" time="0.000" asserts="0" />
                    </results>
                  </test-suite>
                </results>
              </test-suite>
            </results>
          </test-suite>
        </results>
      </test-suite>
    </results>
  </test-suite>
</test-results>